2020/12/21 03:38:31| Created PID file (/var/run/squid.pid)
2020/12/21 03:38:31| Set Current Directory to /var/spool/squid
2020/12/21 03:38:31| Creating missing swap directories
2020/12/21 03:38:31| No cache_dir stores are configured.
2020/12/21 03:38:31| Removing PID file (/var/run/squid.pid)
2020/12/21 03:38:31| Created PID file (/var/run/squid.pid)
2020/12/21 03:38:31| Set Current Directory to /var/spool/squid
2020/12/21 03:38:31| Starting Squid Cache version 4.13 for x86_64-alpine-linux-musl...
2020/12/21 03:38:31| Service Name: squid
2020/12/21 03:38:31| Process ID 1
2020/12/21 03:38:31| Process Roles: master worker
2020/12/21 03:38:31| With 1048576 file descriptors available
2020/12/21 03:38:31| Initializing IP Cache...
2020/12/21 03:38:31| DNS Socket created at [::], FD 3
2020/12/21 03:38:31| DNS Socket created at 0.0.0.0, FD 11
2020/12/21 03:38:31| Adding nameserver 192.168.65.1 from /etc/resolv.conf
2020/12/21 03:38:31| helperOpenServers: Starting 5/32 'security_file_certgen' processes
2020/12/21 03:38:31| helperOpenServers: Starting 0/3 'python3' processes
2020/12/21 03:38:31| helperOpenServers: No 'python3' processes needed.
2020/12/21 03:38:31| Logfile: opening log daemon:/var/log/squid/access.log
2020/12/21 03:38:31| Logfile Daemon: opening log /var/log/squid/access.log
2020/12/21 03:38:31| Local cache digest enabled; rebuild/rewrite every 3600/3600 sec
2020/12/21 03:38:31| Store logging disabled
2020/12/21 03:38:31| Swap maxSize 0 + 262144 KB, estimated 20164 objects
2020/12/21 03:38:31| Target number of buckets: 1008
2020/12/21 03:38:31| Using 8192 Store buckets
2020/12/21 03:38:31| Max Mem  size: 262144 KB
2020/12/21 03:38:31| Max Swap size: 0 KB
2020/12/21 03:38:31| Using Least Load store dir selection
2020/12/21 03:38:31| Set Current Directory to /var/spool/squid
2020/12/21 03:38:31| Finished loading MIME types and icons.
2020/12/21 03:38:31| HTCP Disabled.
2020/12/21 03:38:31| Squid plugin modules loaded: 0
2020/12/21 03:38:31| Adaptation support is off.
2020/12/21 03:38:31| Accepting HTTP Socket connections at local=[::]:3127 remote=[::] FD 24 flags=9
2020/12/21 03:38:31| Accepting NAT intercepted HTTP Socket connections at local=[::]:3128 remote=[::] FD 25 flags=41
2020/12/21 03:38:31| Accepting NAT intercepted SSL bumped HTTP Socket connections at local=[::]:3129 remote=[::] FD 26 flags=41
2020/12/21 03:38:31| Accepting reverse-proxy HTTP Socket connections at local=[::]:80 remote=[::] FD 27 flags=9
2020/12/21 03:38:31| Accepting reverse-proxy HTTP Socket connections at local=[::]:443 remote=[::] FD 28 flags=9
2020/12/21 03:38:32| storeLateRelease: released 0 objects
2020/12/21 03:45:37| Reconfiguring Squid Cache (version 4.13)...
2020/12/21 03:45:37| Closing HTTP(S) port [::]:3127
2020/12/21 03:45:37| Closing HTTP(S) port [::]:3128
2020/12/21 03:45:37| Closing HTTP(S) port [::]:3129
2020/12/21 03:45:37| Closing HTTP(S) port [::]:80
2020/12/21 03:45:37| Closing HTTP(S) port [::]:443
2020/12/21 03:45:37| Logfile: closing log daemon:/var/log/squid/access.log
2020/12/21 03:45:37| Logfile Daemon: closing log daemon:/var/log/squid/access.log
2020/12/21 03:45:37| Startup: Initializing Authentication Schemes ...
2020/12/21 03:45:37| Startup: Initialized Authentication Scheme 'basic'
2020/12/21 03:45:37| Startup: Initialized Authentication Scheme 'digest'
2020/12/21 03:45:37| Startup: Initialized Authentication Scheme 'negotiate'
2020/12/21 03:45:37| Startup: Initialized Authentication Scheme 'ntlm'
2020/12/21 03:45:37| Startup: Initialized Authentication.
2020/12/21 03:45:37| Processing Configuration File: /etc/squid/squid.conf (depth 0)
2020/12/21 03:45:37| Cache dir '/var/spool/squid' size changed to 100 MB
2020/12/21 03:45:37| Initializing https:// proxy context
2020/12/21 03:45:37| Initializing http_port [::]:8029 TLS contexts
2020/12/21 03:45:37| Using certificate in /etc/squid/cert.pem
2020/12/21 03:45:37| Using key in /etc/squid/key.pem
2020/12/21 03:45:37| Logfile: opening log daemon:/var/log/squid/access.log
2020/12/21 03:45:37| Logfile Daemon: opening log /var/log/squid/access.log
2020/12/21 03:45:37| Squid plugin modules loaded: 0
2020/12/21 03:45:37| Adaptation support is off.
2020/12/21 03:45:37| Store logging disabled
2020/12/21 03:45:37| DNS Socket created at [::], FD 13
2020/12/21 03:45:37| DNS Socket created at 0.0.0.0, FD 15
2020/12/21 03:45:37| Adding nameserver 192.168.65.1 from /etc/resolv.conf
2020/12/21 03:45:37| helperOpenServers: Starting 5/32 'security_file_certgen' processes
2020/12/21 03:45:37| helperOpenServers: Starting 0/3 'python3' processes
2020/12/21 03:45:37| helperOpenServers: No 'python3' processes needed.
2020/12/21 03:45:37| HTCP Disabled.
2020/12/21 03:45:37| Finished loading MIME types and icons.
2020/12/21 03:45:37| Unlinkd pipe opened on FD 35
2020/12/21 03:45:37| Accepting HTTP Socket connections at local=[::]:8028 remote=[::] FD 29 flags=9
2020/12/21 03:45:37| Accepting SSL bumped HTTP Socket connections at local=[::]:8029 remote=[::] FD 30 flags=9
2020/12/21 03:46:43| Preparing for shutdown after 0 requests
2020/12/21 03:46:43| Waiting 0 seconds for active connections to finish
2020/12/21 03:46:43| Closing HTTP(S) port [::]:8028
2020/12/21 03:46:43| Closing HTTP(S) port [::]:8029
2020/12/21 03:46:44| Shutdown: NTLM authentication.
2020/12/21 03:46:44| Shutdown: Negotiate authentication.
2020/12/21 03:46:44| Shutdown: Digest authentication.
2020/12/21 03:46:44| Shutdown: Basic authentication.
2020/12/21 03:46:44| Shutting down...
2020/12/21 03:46:44| Closing unlinkd pipe on FD 35
2020/12/21 03:46:44| storeDirWriteCleanLogs: Starting...
2020/12/21 03:46:44|   Finished.  Wrote 0 entries.
2020/12/21 03:46:44|   Took 0.04 seconds (  0.00 entries/sec).
CPU Usage: 0.875 seconds = 0.399 user + 0.476 sys
Maximum Resident Size: 665168 KB
Page faults with physical i/o: 1
2020/12/21 03:46:44| Logfile: closing log daemon:/var/log/squid/access.log
2020/12/21 03:46:44| Logfile Daemon: closing log daemon:/var/log/squid/access.log
2020/12/21 03:46:44| Open FD UNSTARTED     0 stdin
2020/12/21 03:46:44| Open FD UNSTARTED     1 stdout
2020/12/21 03:46:44| Open FD UNSTARTED     2 stderr
2020/12/21 03:46:44| Open FD UNSTARTED     3 IPC UNIX STREAM Parent
2020/12/21 03:46:44| Open FD UNSTARTED    17 security_file_certgen #1
2020/12/21 03:46:44| Open FD UNSTARTED    21 security_file_certgen #2
2020/12/21 03:46:44| Open FD UNSTARTED    23 security_file_certgen #3
2020/12/21 03:46:44| Open FD UNSTARTED    25 security_file_certgen #4
2020/12/21 03:46:44| Open FD UNSTARTED    27 security_file_certgen #5
2020/12/21 03:46:44| Squid Cache (Version 4.13): Exiting normally.
2020/12/21 03:46:44| Removing PID file (/var/run/squid.pid)
2020/12/21 03:47:42| Created PID file (/var/run/squid.pid)
2020/12/21 03:47:42| Set Current Directory to /var/spool/squid
2020/12/21 03:47:42| Creating missing swap directories
2020/12/21 03:47:42| No cache_dir stores are configured.
2020/12/21 03:47:42| Removing PID file (/var/run/squid.pid)
2020/12/21 03:47:42| Created PID file (/var/run/squid.pid)
2020/12/21 03:47:42| Set Current Directory to /var/spool/squid
2020/12/21 03:47:42| Starting Squid Cache version 4.13 for x86_64-alpine-linux-musl...
2020/12/21 03:47:42| Service Name: squid
2020/12/21 03:47:42| Process ID 1
2020/12/21 03:47:42| Process Roles: master worker
2020/12/21 03:47:42| With 1048576 file descriptors available
2020/12/21 03:47:42| Initializing IP Cache...
2020/12/21 03:47:42| DNS Socket created at 0.0.0.0, FD 3
2020/12/21 03:47:42| Adding nameserver 192.168.65.1 from /etc/resolv.conf
2020/12/21 03:47:42| helperOpenServers: Starting 5/32 'security_file_certgen' processes
2020/12/21 03:47:42| helperOpenServers: Starting 0/3 'python3' processes
2020/12/21 03:47:42| helperOpenServers: No 'python3' processes needed.
2020/12/21 03:47:42| Logfile: opening log daemon:/var/log/squid/access.log
2020/12/21 03:47:42| Logfile Daemon: opening log /var/log/squid/access.log
2020/12/21 03:47:42| Local cache digest enabled; rebuild/rewrite every 3600/3600 sec
2020/12/21 03:47:42| Store logging disabled
2020/12/21 03:47:42| Swap maxSize 0 + 262144 KB, estimated 20164 objects
2020/12/21 03:47:42| Target number of buckets: 1008
2020/12/21 03:47:42| Using 8192 Store buckets
2020/12/21 03:47:42| Max Mem  size: 262144 KB
2020/12/21 03:47:42| Max Swap size: 0 KB
2020/12/21 03:47:42| Using Least Load store dir selection
2020/12/21 03:47:42| Set Current Directory to /var/spool/squid
2020/12/21 03:47:42| Finished loading MIME types and icons.
2020/12/21 03:47:42| HTCP Disabled.
2020/12/21 03:47:42| Squid plugin modules loaded: 0
2020/12/21 03:47:42| Adaptation support is off.
2020/12/21 03:47:42| Accepting HTTP Socket connections at local=0.0.0.0:3127 remote=[::] FD 23 flags=9
2020/12/21 03:47:42| Accepting NAT intercepted HTTP Socket connections at local=0.0.0.0:3128 remote=[::] FD 24 flags=41
2020/12/21 03:47:42| Accepting NAT intercepted SSL bumped HTTP Socket connections at local=0.0.0.0:3129 remote=[::] FD 25 flags=41
2020/12/21 03:47:42| Accepting reverse-proxy HTTP Socket connections at local=0.0.0.0:80 remote=[::] FD 26 flags=9
2020/12/21 03:47:42| Accepting reverse-proxy HTTP Socket connections at local=0.0.0.0:443 remote=[::] FD 27 flags=9
2020/12/21 03:47:43| storeLateRelease: released 0 objects
2020/12/21 03:47:53| ERROR: NF getsockopt(ORIGINAL_DST) failed on local=172.17.0.4:3128 remote=172.17.0.1:64294 FD 12 flags=33: (2) No such file or directory
2020/12/21 03:47:53| ERROR: NAT/TPROXY lookup failed to locate original IPs on local=172.17.0.4:3128 remote=172.17.0.1:64294 FD 12 flags=33
2020/12/21 03:47:53| BUG 3556: FD 12 is not an open socket.
2020/12/21 03:56:53| Reconfiguring Squid Cache (version 4.13)...
2020/12/21 03:56:53| Closing HTTP(S) port 0.0.0.0:3127
2020/12/21 03:56:53| Closing HTTP(S) port 0.0.0.0:3128
2020/12/21 03:56:53| Closing HTTP(S) port 0.0.0.0:3129
2020/12/21 03:56:53| Closing HTTP(S) port 0.0.0.0:80
2020/12/21 03:56:53| Closing HTTP(S) port 0.0.0.0:443
2020/12/21 03:56:53| Logfile: closing log daemon:/var/log/squid/access.log
2020/12/21 03:56:53| Logfile Daemon: closing log daemon:/var/log/squid/access.log
2020/12/21 03:56:53| Startup: Initializing Authentication Schemes ...
2020/12/21 03:56:53| Startup: Initialized Authentication Scheme 'basic'
2020/12/21 03:56:53| Startup: Initialized Authentication Scheme 'digest'
2020/12/21 03:56:53| Startup: Initialized Authentication Scheme 'negotiate'
2020/12/21 03:56:53| Startup: Initialized Authentication Scheme 'ntlm'
2020/12/21 03:56:53| Startup: Initialized Authentication.
2020/12/21 03:56:53| aclIpParseIpData: IPv6 has not been enabled.
2020/12/21 03:56:53| aclIpParseIpData: IPv6 has not been enabled.
2020/12/21 03:56:53| Processing Configuration File: /etc/squid/squid.conf (depth 0)
2020/12/21 03:56:53| Cache dir '/var/spool/squid' size changed to 100 MB
2020/12/21 03:56:53| Initializing https:// proxy context
2020/12/21 03:56:53| Initializing http_port 0.0.0.0:8029 TLS contexts
2020/12/21 03:56:53| Using certificate in /etc/squid/cert.pem
2020/12/21 03:56:53| Using key in /etc/squid/key.pem
2020/12/21 03:56:53| Logfile: opening log daemon:/var/log/squid/access.log
2020/12/21 03:56:53| Logfile Daemon: opening log /var/log/squid/access.log
2020/12/21 03:56:53| Squid plugin modules loaded: 0
2020/12/21 03:56:53| Adaptation support is off.
2020/12/21 03:56:53| Store logging disabled
2020/12/21 03:56:53| DNS Socket created at 0.0.0.0, FD 16
2020/12/21 03:56:53| Adding nameserver 192.168.65.1 from /etc/resolv.conf
2020/12/21 03:56:53| helperOpenServers: Starting 5/32 'security_file_certgen' processes
2020/12/21 03:56:53| helperOpenServers: Starting 0/3 'python3' processes
2020/12/21 03:56:53| helperOpenServers: No 'python3' processes needed.
2020/12/21 03:56:53| HTCP Disabled.
2020/12/21 03:56:53| Finished loading MIME types and icons.
2020/12/21 03:56:54| Unlinkd pipe opened on FD 35
2020/12/21 03:56:54| Accepting HTTP Socket connections at local=0.0.0.0:8028 remote=[::] FD 29 flags=9
2020/12/21 03:56:54| Accepting SSL bumped HTTP Socket connections at local=0.0.0.0:8029 remote=[::] FD 30 flags=9
2020/12/21 03:58:22| Preparing for shutdown after 0 requests
2020/12/21 03:58:22| Waiting 0 seconds for active connections to finish
2020/12/21 03:58:22| Closing HTTP(S) port 0.0.0.0:8028
2020/12/21 03:58:22| Closing HTTP(S) port 0.0.0.0:8029
2020/12/21 03:58:23| Shutdown: NTLM authentication.
2020/12/21 03:58:23| Shutdown: Negotiate authentication.
2020/12/21 03:58:23| Shutdown: Digest authentication.
2020/12/21 03:58:23| Shutdown: Basic authentication.
2020/12/21 03:58:24| Shutting down...
2020/12/21 03:58:24| Closing unlinkd pipe on FD 35
2020/12/21 03:58:24| storeDirWriteCleanLogs: Starting...
2020/12/21 03:58:24|   Finished.  Wrote 0 entries.
2020/12/21 03:58:24|   Took 0.02 seconds (  0.00 entries/sec).
CPU Usage: 0.890 seconds = 0.446 user + 0.444 sys
Maximum Resident Size: 665520 KB
Page faults with physical i/o: 0
2020/12/21 03:58:24| Logfile: closing log daemon:/var/log/squid/access.log
2020/12/21 03:58:24| Logfile Daemon: closing log daemon:/var/log/squid/access.log
2020/12/21 03:58:24| Open FD UNSTARTED     0 stdin
2020/12/21 03:58:24| Open FD UNSTARTED     1 stdout
2020/12/21 03:58:24| Open FD UNSTARTED     2 stderr
2020/12/21 03:58:24| Open FD UNSTARTED     3 IPC UNIX STREAM Parent
2020/12/21 03:58:24| Open FD UNSTARTED    18 security_file_certgen #1
2020/12/21 03:58:24| Open FD UNSTARTED    21 security_file_certgen #2
2020/12/21 03:58:24| Open FD UNSTARTED    23 security_file_certgen #3
2020/12/21 03:58:24| Open FD UNSTARTED    25 security_file_certgen #4
2020/12/21 03:58:24| Open FD UNSTARTED    27 security_file_certgen #5
2020/12/21 03:58:24| Squid Cache (Version 4.13): Exiting normally.
2020/12/21 03:58:24| Removing PID file (/var/run/squid.pid)
2020/12/21 03:58:44| Created PID file (/var/run/squid.pid)
2020/12/21 03:58:44| Set Current Directory to /var/spool/squid
2020/12/21 03:58:44| Creating missing swap directories
2020/12/21 03:58:44| No cache_dir stores are configured.
2020/12/21 03:58:44| Removing PID file (/var/run/squid.pid)
2020/12/21 03:58:44| Created PID file (/var/run/squid.pid)
2020/12/21 03:58:44| Set Current Directory to /var/spool/squid
2020/12/21 03:58:44| Starting Squid Cache version 4.13 for x86_64-alpine-linux-musl...
2020/12/21 03:58:44| Service Name: squid
2020/12/21 03:58:44| Process ID 1
2020/12/21 03:58:44| Process Roles: master worker
2020/12/21 03:58:44| With 1048576 file descriptors available
2020/12/21 03:58:44| Initializing IP Cache...
2020/12/21 03:58:44| DNS Socket created at 0.0.0.0, FD 3
2020/12/21 03:58:45| Adding nameserver 192.168.65.1 from /etc/resolv.conf
2020/12/21 03:58:45| helperOpenServers: Starting 5/32 'security_file_certgen' processes
2020/12/21 03:58:45| helperOpenServers: Starting 0/3 'python3' processes
2020/12/21 03:58:45| helperOpenServers: No 'python3' processes needed.
2020/12/21 03:58:45| Logfile: opening log daemon:/var/log/squid/access.log
2020/12/21 03:58:45| Logfile Daemon: opening log /var/log/squid/access.log
2020/12/21 03:58:45| Local cache digest enabled; rebuild/rewrite every 3600/3600 sec
2020/12/21 03:58:45| Store logging disabled
2020/12/21 03:58:45| Swap maxSize 0 + 262144 KB, estimated 20164 objects
2020/12/21 03:58:45| Target number of buckets: 1008
2020/12/21 03:58:45| Using 8192 Store buckets
2020/12/21 03:58:45| Max Mem  size: 262144 KB
2020/12/21 03:58:45| Max Swap size: 0 KB
2020/12/21 03:58:45| Using Least Load store dir selection
2020/12/21 03:58:45| Set Current Directory to /var/spool/squid
2020/12/21 03:58:45| Finished loading MIME types and icons.
2020/12/21 03:58:45| HTCP Disabled.
2020/12/21 03:58:45| Squid plugin modules loaded: 0
2020/12/21 03:58:45| Adaptation support is off.
2020/12/21 03:58:45| Accepting HTTP Socket connections at local=0.0.0.0:3127 remote=[::] FD 23 flags=9
2020/12/21 03:58:45| Accepting NAT intercepted HTTP Socket connections at local=0.0.0.0:3128 remote=[::] FD 24 flags=41
2020/12/21 03:58:45| Accepting NAT intercepted SSL bumped HTTP Socket connections at local=0.0.0.0:3129 remote=[::] FD 25 flags=41
2020/12/21 03:58:45| Accepting reverse-proxy HTTP Socket connections at local=0.0.0.0:80 remote=[::] FD 26 flags=9
2020/12/21 03:58:45| Accepting reverse-proxy HTTP Socket connections at local=0.0.0.0:443 remote=[::] FD 27 flags=9
2020/12/21 03:58:46| storeLateRelease: released 0 objects
2020/12/21 03:59:16| Reconfiguring Squid Cache (version 4.13)...
2020/12/21 03:59:16| Closing HTTP(S) port 0.0.0.0:3127
2020/12/21 03:59:16| Closing HTTP(S) port 0.0.0.0:3128
2020/12/21 03:59:16| Closing HTTP(S) port 0.0.0.0:3129
2020/12/21 03:59:16| Closing HTTP(S) port 0.0.0.0:80
2020/12/21 03:59:16| Closing HTTP(S) port 0.0.0.0:443
2020/12/21 03:59:16| Logfile: closing log daemon:/var/log/squid/access.log
2020/12/21 03:59:16| Logfile Daemon: closing log daemon:/var/log/squid/access.log
2020/12/21 03:59:16| Startup: Initializing Authentication Schemes ...
2020/12/21 03:59:16| Startup: Initialized Authentication Scheme 'basic'
2020/12/21 03:59:16| Startup: Initialized Authentication Scheme 'digest'
2020/12/21 03:59:16| Startup: Initialized Authentication Scheme 'negotiate'
2020/12/21 03:59:16| Startup: Initialized Authentication Scheme 'ntlm'
2020/12/21 03:59:16| Startup: Initialized Authentication.
2020/12/21 03:59:16| aclIpParseIpData: IPv6 has not been enabled.
2020/12/21 03:59:16| aclIpParseIpData: IPv6 has not been enabled.
2020/12/21 03:59:16| Processing Configuration File: /etc/squid/squid.conf (depth 0)
2020/12/21 03:59:16| Cache dir '/var/spool/squid' size changed to 100 MB
2020/12/21 03:59:16| Initializing https:// proxy context
2020/12/21 03:59:16| Initializing http_port 0.0.0.0:8029 TLS contexts
2020/12/21 03:59:16| Using certificate in /etc/squid/cert.pem
2020/12/21 03:59:16| Using key in /etc/squid/key.pem
2020/12/21 03:59:16| Logfile: opening log daemon:/var/log/squid/access.log
2020/12/21 03:59:16| Logfile Daemon: opening log /var/log/squid/access.log
2020/12/21 03:59:16| Squid plugin modules loaded: 0
2020/12/21 03:59:16| Adaptation support is off.
2020/12/21 03:59:16| Store logging disabled
2020/12/21 03:59:16| DNS Socket created at 0.0.0.0, FD 14
2020/12/21 03:59:16| Adding nameserver 192.168.65.1 from /etc/resolv.conf
2020/12/21 03:59:16| helperOpenServers: Starting 5/32 'security_file_certgen' processes
2020/12/21 03:59:16| helperOpenServers: Starting 0/3 'python3' processes
2020/12/21 03:59:16| helperOpenServers: No 'python3' processes needed.
2020/12/21 03:59:16| HTCP Disabled.
2020/12/21 03:59:17| Finished loading MIME types and icons.
2020/12/21 03:59:17| Unlinkd pipe opened on FD 34
2020/12/21 03:59:17| Accepting HTTP Socket connections at local=0.0.0.0:8028 remote=[::] FD 28 flags=9
2020/12/21 03:59:17| Accepting SSL bumped HTTP Socket connections at local=0.0.0.0:8029 remote=[::] FD 29 flags=9
2020/12/21 03:59:43| Reconfiguring Squid Cache (version 4.13)...
2020/12/21 03:59:43| Closing HTTP(S) port 0.0.0.0:8028
2020/12/21 03:59:43| Closing HTTP(S) port 0.0.0.0:8029
2020/12/21 03:59:43| Logfile: closing log daemon:/var/log/squid/access.log
2020/12/21 03:59:43| Logfile Daemon: closing log daemon:/var/log/squid/access.log
2020/12/21 03:59:43| Startup: Initializing Authentication Schemes ...
2020/12/21 03:59:43| Startup: Initialized Authentication Scheme 'basic'
2020/12/21 03:59:43| Startup: Initialized Authentication Scheme 'digest'
2020/12/21 03:59:43| Startup: Initialized Authentication Scheme 'negotiate'
2020/12/21 03:59:43| Startup: Initialized Authentication Scheme 'ntlm'
2020/12/21 03:59:43| Startup: Initialized Authentication.
2020/12/21 03:59:43| aclIpParseIpData: IPv6 has not been enabled.
2020/12/21 03:59:43| aclIpParseIpData: IPv6 has not been enabled.
2020/12/21 03:59:43| Processing Configuration File: /etc/squid/squid.conf (depth 0)
2020/12/21 03:59:43| Initializing https:// proxy context
2020/12/21 03:59:43| Initializing http_port 0.0.0.0:8029 TLS contexts
2020/12/21 03:59:43| Using certificate in /etc/squid/cert.pem
2020/12/21 03:59:43| Using key in /etc/squid/key.pem
2020/12/21 03:59:43| Logfile: opening log daemon:/var/log/squid/access.log
2020/12/21 03:59:43| Logfile Daemon: opening log /var/log/squid/access.log
2020/12/21 03:59:43| Squid plugin modules loaded: 0
2020/12/21 03:59:43| Adaptation support is off.
2020/12/21 03:59:43| Store logging disabled
2020/12/21 03:59:43| DNS Socket created at 0.0.0.0, FD 12
2020/12/21 03:59:43| Adding nameserver 192.168.65.1 from /etc/resolv.conf
2020/12/21 03:59:43| helperOpenServers: Starting 5/32 'security_file_certgen' processes
2020/12/21 03:59:43| helperOpenServers: Starting 0/3 'python3' processes
2020/12/21 03:59:43| helperOpenServers: No 'python3' processes needed.
2020/12/21 03:59:43| HTCP Disabled.
2020/12/21 03:59:43| Finished loading MIME types and icons.
2020/12/21 03:59:43| Accepting HTTP Socket connections at local=0.0.0.0:8028 remote=[::] FD 28 flags=9
2020/12/21 03:59:43| Accepting SSL bumped HTTP Socket connections at local=0.0.0.0:8029 remote=[::] FD 29 flags=9
2020/12/21 04:00:04| Preparing for shutdown after 0 requests
2020/12/21 04:00:04| Waiting 0 seconds for active connections to finish
2020/12/21 04:00:04| Closing HTTP(S) port 0.0.0.0:8028
2020/12/21 04:00:04| Closing HTTP(S) port 0.0.0.0:8029
2020/12/21 04:00:05| Shutdown: NTLM authentication.
2020/12/21 04:00:05| Shutdown: Negotiate authentication.
2020/12/21 04:00:05| Shutdown: Digest authentication.
2020/12/21 04:00:05| Shutdown: Basic authentication.
2020/12/21 04:00:05| Shutting down...
2020/12/21 04:00:05| Closing unlinkd pipe on FD 34
2020/12/21 04:00:05| storeDirWriteCleanLogs: Starting...
2020/12/21 04:00:05|   Finished.  Wrote 0 entries.
2020/12/21 04:00:05|   Took 0.02 seconds (  0.00 entries/sec).
CPU Usage: 1.343 seconds = 0.772 user + 0.571 sys
Maximum Resident Size: 666032 KB
Page faults with physical i/o: 0
2020/12/21 04:00:05| Logfile: closing log daemon:/var/log/squid/access.log
2020/12/21 04:00:05| Logfile Daemon: closing log daemon:/var/log/squid/access.log
2020/12/21 04:00:05| Open FD UNSTARTED     0 stdin
2020/12/21 04:00:05| Open FD UNSTARTED     1 stdout
2020/12/21 04:00:05| Open FD UNSTARTED     2 stderr
2020/12/21 04:00:05| Open FD UNSTARTED     3 IPC UNIX STREAM Parent
2020/12/21 04:00:05| Open FD UNSTARTED    13 security_file_certgen #1
2020/12/21 04:00:05| Open FD UNSTARTED    15 security_file_certgen #2
2020/12/21 04:00:05| Open FD UNSTARTED    18 security_file_certgen #3
2020/12/21 04:00:05| Open FD UNSTARTED    21 security_file_certgen #4
2020/12/21 04:00:05| Open FD UNSTARTED    25 security_file_certgen #5
2020/12/21 04:00:05| Squid Cache (Version 4.13): Exiting normally.
2020/12/21 04:00:05| Removing PID file (/var/run/squid.pid)
2020/12/21 04:00:58| Created PID file (/var/run/squid.pid)
2020/12/21 04:00:58| Set Current Directory to /var/spool/squid
2020/12/21 04:00:58| Creating missing swap directories
2020/12/21 04:00:58| No cache_dir stores are configured.
2020/12/21 04:00:58| Removing PID file (/var/run/squid.pid)
2020/12/21 04:00:58| Created PID file (/var/run/squid.pid)
2020/12/21 04:00:58| Set Current Directory to /var/spool/squid
2020/12/21 04:00:58| Starting Squid Cache version 4.13 for x86_64-alpine-linux-musl...
2020/12/21 04:00:58| Service Name: squid
2020/12/21 04:00:58| Process ID 1
2020/12/21 04:00:58| Process Roles: master worker
2020/12/21 04:00:58| With 1048576 file descriptors available
2020/12/21 04:00:58| Initializing IP Cache...
2020/12/21 04:00:58| DNS Socket created at 0.0.0.0, FD 3
2020/12/21 04:00:58| Adding nameserver 192.168.65.1 from /etc/resolv.conf
2020/12/21 04:00:58| helperOpenServers: Starting 5/32 'security_file_certgen' processes
2020/12/21 04:00:58| helperOpenServers: Starting 0/3 'python3' processes
2020/12/21 04:00:58| helperOpenServers: No 'python3' processes needed.
2020/12/21 04:00:58| Logfile: opening log daemon:/var/log/squid/access.log
2020/12/21 04:00:58| Logfile Daemon: opening log /var/log/squid/access.log
2020/12/21 04:00:58| Local cache digest enabled; rebuild/rewrite every 3600/3600 sec
2020/12/21 04:00:58| Store logging disabled
2020/12/21 04:00:58| Swap maxSize 0 + 262144 KB, estimated 20164 objects
2020/12/21 04:00:58| Target number of buckets: 1008
2020/12/21 04:00:58| Using 8192 Store buckets
2020/12/21 04:00:58| Max Mem  size: 262144 KB
2020/12/21 04:00:58| Max Swap size: 0 KB
2020/12/21 04:00:58| Using Least Load store dir selection
2020/12/21 04:00:58| Set Current Directory to /var/spool/squid
2020/12/21 04:00:58| Finished loading MIME types and icons.
2020/12/21 04:00:58| HTCP Disabled.
2020/12/21 04:00:58| Squid plugin modules loaded: 0
2020/12/21 04:00:58| Adaptation support is off.
2020/12/21 04:00:58| Accepting HTTP Socket connections at local=0.0.0.0:3127 remote=[::] FD 23 flags=9
2020/12/21 04:00:58| Accepting NAT intercepted HTTP Socket connections at local=0.0.0.0:3128 remote=[::] FD 24 flags=41
2020/12/21 04:00:58| Accepting NAT intercepted SSL bumped HTTP Socket connections at local=0.0.0.0:3129 remote=[::] FD 25 flags=41
2020/12/21 04:00:58| Accepting reverse-proxy HTTP Socket connections at local=0.0.0.0:80 remote=[::] FD 26 flags=9
2020/12/21 04:00:58| Accepting reverse-proxy HTTP Socket connections at local=0.0.0.0:443 remote=[::] FD 27 flags=9
2020/12/21 04:00:59| storeLateRelease: released 0 objects
2020/12/21 04:01:21| Reconfiguring Squid Cache (version 4.13)...
2020/12/21 04:01:21| Closing HTTP(S) port 0.0.0.0:3127
2020/12/21 04:01:21| Closing HTTP(S) port 0.0.0.0:3128
2020/12/21 04:01:21| Closing HTTP(S) port 0.0.0.0:3129
2020/12/21 04:01:21| Closing HTTP(S) port 0.0.0.0:80
2020/12/21 04:01:21| Closing HTTP(S) port 0.0.0.0:443
2020/12/21 04:01:21| Logfile: closing log daemon:/var/log/squid/access.log
2020/12/21 04:01:21| Logfile Daemon: closing log daemon:/var/log/squid/access.log
2020/12/21 04:01:21| Startup: Initializing Authentication Schemes ...
2020/12/21 04:01:21| Startup: Initialized Authentication Scheme 'basic'
2020/12/21 04:01:21| Startup: Initialized Authentication Scheme 'digest'
2020/12/21 04:01:21| Startup: Initialized Authentication Scheme 'negotiate'
2020/12/21 04:01:21| Startup: Initialized Authentication Scheme 'ntlm'
2020/12/21 04:01:21| Startup: Initialized Authentication.
2020/12/21 04:01:21| aclIpParseIpData: IPv6 has not been enabled.
2020/12/21 04:01:21| aclIpParseIpData: IPv6 has not been enabled.
2020/12/21 04:01:21| Processing Configuration File: /etc/squid/squid.conf (depth 0)
2020/12/21 04:01:21| Cache dir '/var/spool/squid' size changed to 100 MB
2020/12/21 04:01:21| Initializing https:// proxy context
2020/12/21 04:01:21| Initializing http_port 0.0.0.0:8029 TLS contexts
2020/12/21 04:01:21| Using certificate in /etc/squid/cert.pem
2020/12/21 04:01:21| Using key in /etc/squid/key.pem
2020/12/21 04:01:21| Logfile: opening log daemon:/var/log/squid/access.log
2020/12/21 04:01:21| Logfile Daemon: opening log /var/log/squid/access.log
2020/12/21 04:01:21| Squid plugin modules loaded: 0
2020/12/21 04:01:21| Adaptation support is off.
2020/12/21 04:01:21| Store logging disabled
2020/12/21 04:01:21| DNS Socket created at 0.0.0.0, FD 14
2020/12/21 04:01:21| Adding nameserver 192.168.65.1 from /etc/resolv.conf
2020/12/21 04:01:21| helperOpenServers: Starting 5/32 'security_file_certgen' processes
2020/12/21 04:01:21| helperOpenServers: Starting 0/3 'python3' processes
2020/12/21 04:01:21| helperOpenServers: No 'python3' processes needed.
2020/12/21 04:01:21| HTCP Disabled.
2020/12/21 04:01:22| Finished loading MIME types and icons.
2020/12/21 04:01:22| Unlinkd pipe opened on FD 34
2020/12/21 04:01:22| Accepting HTTP Socket connections at local=0.0.0.0:8028 remote=[::] FD 28 flags=9
2020/12/21 04:01:22| Accepting SSL bumped HTTP Socket connections at local=0.0.0.0:8029 remote=[::] FD 29 flags=9
2020/12/21 04:01:49| Starting new redirector helpers...
2020/12/21 04:01:49| helperOpenServers: Starting 1/3 'python3' processes
2020/12/21 04:07:39| assertion failed: store_swapout.cc:280: "mem->swapout.sio == self"
2020/12/21 04:08:04| Created PID file (/var/run/squid.pid)
2020/12/21 04:08:04| Set Current Directory to /var/spool/squid
2020/12/21 04:08:04| Creating missing swap directories
2020/12/21 04:08:04| No cache_dir stores are configured.
2020/12/21 04:08:04| Removing PID file (/var/run/squid.pid)
2020/12/21 04:08:04| Created PID file (/var/run/squid.pid)
2020/12/21 04:08:04| Set Current Directory to /var/spool/squid
2020/12/21 04:08:04| Starting Squid Cache version 4.13 for x86_64-alpine-linux-musl...
2020/12/21 04:08:04| Service Name: squid
2020/12/21 04:08:04| Process ID 1
2020/12/21 04:08:04| Process Roles: master worker
2020/12/21 04:08:04| With 1048576 file descriptors available
2020/12/21 04:08:04| Initializing IP Cache...
2020/12/21 04:08:04| DNS Socket created at 0.0.0.0, FD 3
2020/12/21 04:08:04| Adding nameserver 192.168.65.1 from /etc/resolv.conf
2020/12/21 04:08:04| helperOpenServers: Starting 5/32 'security_file_certgen' processes
2020/12/21 04:08:04| helperOpenServers: Starting 0/3 'python3' processes
2020/12/21 04:08:04| helperOpenServers: No 'python3' processes needed.
2020/12/21 04:08:04| Logfile: opening log daemon:/var/log/squid/access.log
2020/12/21 04:08:04| Logfile Daemon: opening log /var/log/squid/access.log
2020/12/21 04:08:04| Local cache digest enabled; rebuild/rewrite every 3600/3600 sec
2020/12/21 04:08:04| Store logging disabled
2020/12/21 04:08:04| Swap maxSize 0 + 262144 KB, estimated 20164 objects
2020/12/21 04:08:04| Target number of buckets: 1008
2020/12/21 04:08:04| Using 8192 Store buckets
2020/12/21 04:08:04| Max Mem  size: 262144 KB
2020/12/21 04:08:04| Max Swap size: 0 KB
2020/12/21 04:08:04| Using Least Load store dir selection
2020/12/21 04:08:04| Set Current Directory to /var/spool/squid
2020/12/21 04:08:04| Finished loading MIME types and icons.
2020/12/21 04:08:04| HTCP Disabled.
2020/12/21 04:08:04| Squid plugin modules loaded: 0
2020/12/21 04:08:04| Adaptation support is off.
2020/12/21 04:08:04| Accepting HTTP Socket connections at local=0.0.0.0:3127 remote=[::] FD 23 flags=9
2020/12/21 04:08:04| Accepting NAT intercepted HTTP Socket connections at local=0.0.0.0:3128 remote=[::] FD 24 flags=41
2020/12/21 04:08:04| Accepting NAT intercepted SSL bumped HTTP Socket connections at local=0.0.0.0:3129 remote=[::] FD 25 flags=41
2020/12/21 04:08:04| Accepting reverse-proxy HTTP Socket connections at local=0.0.0.0:80 remote=[::] FD 26 flags=9
2020/12/21 04:08:04| Accepting reverse-proxy HTTP Socket connections at local=0.0.0.0:443 remote=[::] FD 27 flags=9
2020/12/21 04:08:05| storeLateRelease: released 0 objects
2020/12/21 04:12:43| Preparing for shutdown after 0 requests
2020/12/21 04:12:43| Waiting 0 seconds for active connections to finish
2020/12/21 04:12:43| Closing HTTP(S) port 0.0.0.0:3127
2020/12/21 04:12:43| Closing HTTP(S) port 0.0.0.0:3128
2020/12/21 04:12:43| Closing HTTP(S) port 0.0.0.0:3129
2020/12/21 04:12:43| Closing HTTP(S) port 0.0.0.0:80
2020/12/21 04:12:43| Closing HTTP(S) port 0.0.0.0:443
2020/12/21 04:12:44| Shutdown: NTLM authentication.
2020/12/21 04:12:44| Shutdown: Negotiate authentication.
2020/12/21 04:12:44| Shutdown: Digest authentication.
2020/12/21 04:12:44| Shutdown: Basic authentication.
2020/12/21 04:12:44| Shutting down...
2020/12/21 04:12:44| storeDirWriteCleanLogs: Starting...
2020/12/21 04:12:44|   Finished.  Wrote 0 entries.
2020/12/21 04:12:44|   Took 0.00 seconds (  0.00 entries/sec).
CPU Usage: 0.472 seconds = 0.220 user + 0.252 sys
Maximum Resident Size: 662816 KB
Page faults with physical i/o: 0
2020/12/21 04:12:44| Logfile: closing log daemon:/var/log/squid/access.log
2020/12/21 04:12:44| Logfile Daemon: closing log daemon:/var/log/squid/access.log
2020/12/21 04:12:44| Open FD UNSTARTED     0 stdin
2020/12/21 04:12:44| Open FD UNSTARTED     1 stdout
2020/12/21 04:12:44| Open FD UNSTARTED     2 stderr
2020/12/21 04:12:44| Open FD UNSTARTED    11 security_file_certgen #1
2020/12/21 04:12:44| Open FD UNSTARTED    13 security_file_certgen #2
2020/12/21 04:12:44| Open FD UNSTARTED    15 security_file_certgen #3
2020/12/21 04:12:44| Open FD UNSTARTED    17 security_file_certgen #4
2020/12/21 04:12:44| Open FD UNSTARTED    19 security_file_certgen #5
2020/12/21 04:12:44| Open FD UNSTARTED    21 IPC UNIX STREAM Parent
2020/12/21 04:12:44| Squid Cache (Version 4.13): Exiting normally.
2020/12/21 04:12:44| Removing PID file (/var/run/squid.pid)
2020/12/21 04:12:54| Created PID file (/var/run/squid.pid)
2020/12/21 04:12:54| Set Current Directory to /var/spool/squid
2020/12/21 04:12:54| Creating missing swap directories
2020/12/21 04:12:54| No cache_dir stores are configured.
2020/12/21 04:12:54| Removing PID file (/var/run/squid.pid)
2020/12/21 04:12:54| Created PID file (/var/run/squid.pid)
2020/12/21 04:12:54| Set Current Directory to /var/spool/squid
2020/12/21 04:12:54| Starting Squid Cache version 4.13 for x86_64-alpine-linux-musl...
2020/12/21 04:12:54| Service Name: squid
2020/12/21 04:12:54| Process ID 1
2020/12/21 04:12:54| Process Roles: master worker
2020/12/21 04:12:54| With 1048576 file descriptors available
2020/12/21 04:12:54| Initializing IP Cache...
2020/12/21 04:12:54| DNS Socket created at 0.0.0.0, FD 3
2020/12/21 04:12:54| Adding nameserver 192.168.65.1 from /etc/resolv.conf
2020/12/21 04:12:54| helperOpenServers: Starting 5/32 'security_file_certgen' processes
2020/12/21 04:12:54| helperOpenServers: Starting 0/3 'python3' processes
2020/12/21 04:12:54| helperOpenServers: No 'python3' processes needed.
2020/12/21 04:12:54| Logfile: opening log daemon:/var/log/squid/access.log
2020/12/21 04:12:54| Logfile Daemon: opening log /var/log/squid/access.log
2020/12/21 04:12:54| Local cache digest enabled; rebuild/rewrite every 3600/3600 sec
2020/12/21 04:12:54| Store logging disabled
2020/12/21 04:12:54| Swap maxSize 0 + 262144 KB, estimated 20164 objects
2020/12/21 04:12:54| Target number of buckets: 1008
2020/12/21 04:12:54| Using 8192 Store buckets
2020/12/21 04:12:54| Max Mem  size: 262144 KB
2020/12/21 04:12:54| Max Swap size: 0 KB
2020/12/21 04:12:54| Using Least Load store dir selection
2020/12/21 04:12:54| Set Current Directory to /var/spool/squid
2020/12/21 04:12:54| Finished loading MIME types and icons.
2020/12/21 04:12:54| HTCP Disabled.
2020/12/21 04:12:54| Squid plugin modules loaded: 0
2020/12/21 04:12:54| Adaptation support is off.
2020/12/21 04:12:54| Accepting HTTP Socket connections at local=0.0.0.0:3127 remote=[::] FD 23 flags=9
2020/12/21 04:12:54| Accepting NAT intercepted HTTP Socket connections at local=0.0.0.0:3128 remote=[::] FD 24 flags=41
2020/12/21 04:12:54| Accepting NAT intercepted SSL bumped HTTP Socket connections at local=0.0.0.0:3129 remote=[::] FD 25 flags=41
2020/12/21 04:12:54| Accepting reverse-proxy HTTP Socket connections at local=0.0.0.0:80 remote=[::] FD 26 flags=9
2020/12/21 04:12:54| Accepting reverse-proxy HTTP Socket connections at local=0.0.0.0:443 remote=[::] FD 27 flags=9
2020/12/21 04:12:55| storeLateRelease: released 0 objects
2020/12/21 14:18:50| Preparing for shutdown after 0 requests
2020/12/21 14:18:51| Waiting 0 seconds for active connections to finish
2020/12/21 14:18:51| Closing HTTP(S) port 0.0.0.0:3127
2020/12/21 14:18:51| Closing HTTP(S) port 0.0.0.0:3128
2020/12/21 14:18:51| Closing HTTP(S) port 0.0.0.0:3129
2020/12/21 14:18:51| Closing HTTP(S) port 0.0.0.0:80
2020/12/21 14:18:51| Closing HTTP(S) port 0.0.0.0:443
2020/12/21 14:18:52| Shutdown: NTLM authentication.
2020/12/21 14:18:52| Shutdown: Negotiate authentication.
2020/12/21 14:18:52| Shutdown: Digest authentication.
2020/12/21 14:18:52| Shutdown: Basic authentication.
2020/12/21 14:18:52| Shutting down...
2020/12/21 14:18:52| storeDirWriteCleanLogs: Starting...
2020/12/21 14:18:52|   Finished.  Wrote 0 entries.
2020/12/21 14:18:52|   Took 0.00 seconds (  0.00 entries/sec).
CPU Usage: 1.173 seconds = 0.653 user + 0.520 sys
Maximum Resident Size: 662976 KB
Page faults with physical i/o: 0
2020/12/21 14:18:52| Logfile: closing log daemon:/var/log/squid/access.log
2020/12/21 14:18:52| Logfile Daemon: closing log daemon:/var/log/squid/access.log
2020/12/21 14:18:52| Open FD UNSTARTED     0 stdin
2020/12/21 14:18:52| Open FD UNSTARTED     1 stdout
2020/12/21 14:18:52| Open FD UNSTARTED     2 stderr
2020/12/21 14:18:52| Open FD UNSTARTED    11 security_file_certgen #1
2020/12/21 14:18:52| Open FD UNSTARTED    13 security_file_certgen #2
2020/12/21 14:18:52| Open FD UNSTARTED    15 security_file_certgen #3
2020/12/21 14:18:52| Open FD UNSTARTED    17 security_file_certgen #4
2020/12/21 14:18:52| Open FD UNSTARTED    19 security_file_certgen #5
2020/12/21 14:18:52| Open FD UNSTARTED    21 IPC UNIX STREAM Parent
2020/12/21 14:18:53| Squid Cache (Version 4.13): Exiting normally.
2020/12/21 14:18:53| Removing PID file (/var/run/squid.pid)
2020/12/21 14:19:07| Created PID file (/var/run/squid.pid)
2020/12/21 14:19:07| Set Current Directory to /var/spool/squid
2020/12/21 14:19:07| Creating missing swap directories
2020/12/21 14:19:07| No cache_dir stores are configured.
2020/12/21 14:19:07| Removing PID file (/var/run/squid.pid)
2020/12/21 14:19:07| Created PID file (/var/run/squid.pid)
2020/12/21 14:19:07| Set Current Directory to /var/spool/squid
2020/12/21 14:19:07| Starting Squid Cache version 4.13 for x86_64-alpine-linux-musl...
2020/12/21 14:19:07| Service Name: squid
2020/12/21 14:19:07| Process ID 1
2020/12/21 14:19:07| Process Roles: master worker
2020/12/21 14:19:07| With 1048576 file descriptors available
2020/12/21 14:19:07| Initializing IP Cache...
2020/12/21 14:19:07| DNS Socket created at 0.0.0.0, FD 3
2020/12/21 14:19:07| Adding nameserver 192.168.65.1 from /etc/resolv.conf
2020/12/21 14:19:07| helperOpenServers: Starting 5/32 'security_file_certgen' processes
2020/12/21 14:19:07| helperOpenServers: Starting 0/3 'python3' processes
2020/12/21 14:19:07| helperOpenServers: No 'python3' processes needed.
2020/12/21 14:19:07| Logfile: opening log daemon:/var/log/squid/access.log
2020/12/21 14:19:07| Logfile Daemon: opening log /var/log/squid/access.log
2020/12/21 14:19:07| Local cache digest enabled; rebuild/rewrite every 3600/3600 sec
2020/12/21 14:19:07| Store logging disabled
2020/12/21 14:19:07| Swap maxSize 0 + 262144 KB, estimated 20164 objects
2020/12/21 14:19:07| Target number of buckets: 1008
2020/12/21 14:19:07| Using 8192 Store buckets
2020/12/21 14:19:07| Max Mem  size: 262144 KB
2020/12/21 14:19:07| Max Swap size: 0 KB
2020/12/21 14:19:07| Using Least Load store dir selection
2020/12/21 14:19:07| Set Current Directory to /var/spool/squid
2020/12/21 14:19:07| Finished loading MIME types and icons.
2020/12/21 14:19:07| HTCP Disabled.
2020/12/21 14:19:07| Squid plugin modules loaded: 0
2020/12/21 14:19:07| Adaptation support is off.
2020/12/21 14:19:07| Accepting HTTP Socket connections at local=0.0.0.0:3127 remote=[::] FD 23 flags=9
2020/12/21 14:19:07| Accepting NAT intercepted HTTP Socket connections at local=0.0.0.0:3128 remote=[::] FD 24 flags=41
2020/12/21 14:19:07| Accepting NAT intercepted SSL bumped HTTP Socket connections at local=0.0.0.0:3129 remote=[::] FD 25 flags=41
2020/12/21 14:19:07| Accepting reverse-proxy HTTP Socket connections at local=0.0.0.0:80 remote=[::] FD 26 flags=9
2020/12/21 14:19:07| Accepting reverse-proxy HTTP Socket connections at local=0.0.0.0:443 remote=[::] FD 27 flags=9
2020/12/21 14:19:08| storeLateRelease: released 0 objects
2020/12/21 14:19:50| Preparing for shutdown after 0 requests
2020/12/21 14:19:50| Waiting 0 seconds for active connections to finish
2020/12/21 14:19:50| Closing HTTP(S) port 0.0.0.0:3127
2020/12/21 14:19:50| Closing HTTP(S) port 0.0.0.0:3128
2020/12/21 14:19:50| Closing HTTP(S) port 0.0.0.0:3129
2020/12/21 14:19:50| Closing HTTP(S) port 0.0.0.0:80
2020/12/21 14:19:50| Closing HTTP(S) port 0.0.0.0:443
2020/12/21 14:19:51| Shutdown: NTLM authentication.
2020/12/21 14:19:51| Shutdown: Negotiate authentication.
2020/12/21 14:19:51| Shutdown: Digest authentication.
2020/12/21 14:19:51| Shutdown: Basic authentication.
2020/12/21 14:19:51| Shutting down...
2020/12/21 14:19:51| storeDirWriteCleanLogs: Starting...
2020/12/21 14:19:51|   Finished.  Wrote 0 entries.
2020/12/21 14:19:51|   Took 0.00 seconds (  0.00 entries/sec).
CPU Usage: 0.400 seconds = 0.173 user + 0.227 sys
Maximum Resident Size: 662992 KB
Page faults with physical i/o: 0
2020/12/21 14:19:51| Logfile: closing log daemon:/var/log/squid/access.log
2020/12/21 14:19:51| Logfile Daemon: closing log daemon:/var/log/squid/access.log
2020/12/21 14:19:51| Open FD UNSTARTED     0 stdin
2020/12/21 14:19:51| Open FD UNSTARTED     1 stdout
2020/12/21 14:19:51| Open FD UNSTARTED     2 stderr
2020/12/21 14:19:51| Open FD UNSTARTED    11 security_file_certgen #1
2020/12/21 14:19:51| Open FD UNSTARTED    13 security_file_certgen #2
2020/12/21 14:19:51| Open FD UNSTARTED    15 security_file_certgen #3
2020/12/21 14:19:51| Open FD UNSTARTED    17 security_file_certgen #4
2020/12/21 14:19:51| Open FD UNSTARTED    19 security_file_certgen #5
2020/12/21 14:19:51| Open FD UNSTARTED    21 IPC UNIX STREAM Parent
2020/12/21 14:19:51| Squid Cache (Version 4.13): Exiting normally.
2020/12/21 14:19:51| Removing PID file (/var/run/squid.pid)
2020/12/21 14:20:31| Created PID file (/var/run/squid.pid)
2020/12/21 14:20:31| Set Current Directory to /var/spool/squid
2020/12/21 14:20:31| Creating missing swap directories
2020/12/21 14:20:31| No cache_dir stores are configured.
2020/12/21 14:20:31| Removing PID file (/var/run/squid.pid)
2020/12/21 14:20:31| Created PID file (/var/run/squid.pid)
2020/12/21 14:20:31| Set Current Directory to /var/spool/squid
2020/12/21 14:20:31| Starting Squid Cache version 4.13 for x86_64-alpine-linux-musl...
2020/12/21 14:20:31| Service Name: squid
2020/12/21 14:20:31| Process ID 1
2020/12/21 14:20:31| Process Roles: master worker
2020/12/21 14:20:31| With 1048576 file descriptors available
2020/12/21 14:20:31| Initializing IP Cache...
2020/12/21 14:20:31| DNS Socket created at 0.0.0.0, FD 3
2020/12/21 14:20:31| Adding nameserver 192.168.65.1 from /etc/resolv.conf
2020/12/21 14:20:31| helperOpenServers: Starting 5/32 'security_file_certgen' processes
2020/12/21 14:20:31| helperOpenServers: Starting 0/3 'python3' processes
2020/12/21 14:20:31| helperOpenServers: No 'python3' processes needed.
2020/12/21 14:20:31| Logfile: opening log daemon:/var/log/squid/access.log
2020/12/21 14:20:31| Logfile Daemon: opening log /var/log/squid/access.log
2020/12/21 14:20:31| Local cache digest enabled; rebuild/rewrite every 3600/3600 sec
2020/12/21 14:20:31| Store logging disabled
2020/12/21 14:20:31| Swap maxSize 0 + 262144 KB, estimated 20164 objects
2020/12/21 14:20:31| Target number of buckets: 1008
2020/12/21 14:20:31| Using 8192 Store buckets
2020/12/21 14:20:32| Max Mem  size: 262144 KB
2020/12/21 14:20:32| Max Swap size: 0 KB
2020/12/21 14:20:32| Using Least Load store dir selection
2020/12/21 14:20:32| Set Current Directory to /var/spool/squid
2020/12/21 14:20:32| Finished loading MIME types and icons.
2020/12/21 14:20:32| HTCP Disabled.
2020/12/21 14:20:32| Squid plugin modules loaded: 0
2020/12/21 14:20:32| Adaptation support is off.
2020/12/21 14:20:32| Accepting HTTP Socket connections at local=0.0.0.0:3127 remote=[::] FD 23 flags=9
2020/12/21 14:20:32| Accepting NAT intercepted HTTP Socket connections at local=0.0.0.0:3128 remote=[::] FD 24 flags=41
2020/12/21 14:20:32| Accepting NAT intercepted SSL bumped HTTP Socket connections at local=0.0.0.0:3129 remote=[::] FD 25 flags=41
2020/12/21 14:20:32| Accepting reverse-proxy HTTP Socket connections at local=0.0.0.0:80 remote=[::] FD 26 flags=9
2020/12/21 14:20:32| Accepting reverse-proxy HTTP Socket connections at local=0.0.0.0:443 remote=[::] FD 27 flags=9
2020/12/21 14:20:32| storeLateRelease: released 0 objects
2020/12/21 14:20:48| ERROR: NF getsockopt(ORIGINAL_DST) failed on local=172.17.0.4:3128 remote=172.17.0.3:57012 FD 12 flags=33: (2) No such file or directory
2020/12/21 14:20:48| ERROR: NAT/TPROXY lookup failed to locate original IPs on local=172.17.0.4:3128 remote=172.17.0.3:57012 FD 12 flags=33
2020/12/21 14:20:48| BUG 3556: FD 12 is not an open socket.
2020/12/21 14:22:18| Reconfiguring Squid Cache (version 4.13)...
2020/12/21 14:22:18| Closing HTTP(S) port 0.0.0.0:3127
2020/12/21 14:22:18| Closing HTTP(S) port 0.0.0.0:3128
2020/12/21 14:22:18| Closing HTTP(S) port 0.0.0.0:3129
2020/12/21 14:22:18| Closing HTTP(S) port 0.0.0.0:80
2020/12/21 14:22:18| Closing HTTP(S) port 0.0.0.0:443
2020/12/21 14:22:18| Logfile: closing log daemon:/var/log/squid/access.log
2020/12/21 14:22:18| Logfile Daemon: closing log daemon:/var/log/squid/access.log
2020/12/21 14:22:18| Startup: Initializing Authentication Schemes ...
2020/12/21 14:22:18| Startup: Initialized Authentication Scheme 'basic'
2020/12/21 14:22:18| Startup: Initialized Authentication Scheme 'digest'
2020/12/21 14:22:19| Startup: Initialized Authentication Scheme 'negotiate'
2020/12/21 14:22:19| Startup: Initialized Authentication Scheme 'ntlm'
2020/12/21 14:22:19| Startup: Initialized Authentication.
2020/12/21 14:22:19| aclIpParseIpData: IPv6 has not been enabled.
2020/12/21 14:22:19| aclIpParseIpData: IPv6 has not been enabled.
2020/12/21 14:22:19| Processing Configuration File: /etc/squid/squid.conf (depth 0)
2020/12/21 14:22:19| Cache dir '/var/spool/squid' size changed to 100 MB
2020/12/21 14:22:19| Initializing https:// proxy context
2020/12/21 14:22:19| Initializing http_port 0.0.0.0:3129 TLS contexts
2020/12/21 14:22:19| Using certificate in /etc/squid/cert.pem
2020/12/21 14:22:19| Using key in /etc/squid/key.pem
2020/12/21 14:22:19| Logfile: opening log daemon:/var/log/squid/access.log
2020/12/21 14:22:19| Logfile Daemon: opening log /var/log/squid/access.log
2020/12/21 14:22:19| Squid plugin modules loaded: 0
2020/12/21 14:22:19| Adaptation support is off.
2020/12/21 14:22:19| Store logging disabled
2020/12/21 14:22:19| DNS Socket created at 0.0.0.0, FD 16
2020/12/21 14:22:19| Adding nameserver 192.168.65.1 from /etc/resolv.conf
2020/12/21 14:22:19| helperOpenServers: Starting 5/32 'security_file_certgen' processes
2020/12/21 14:22:19| helperOpenServers: Starting 0/3 'python3' processes
2020/12/21 14:22:19| helperOpenServers: No 'python3' processes needed.
2020/12/21 14:22:19| HTCP Disabled.
2020/12/21 14:22:19| Finished loading MIME types and icons.
2020/12/21 14:22:19| Unlinkd pipe opened on FD 35
2020/12/21 14:22:19| Accepting HTTP Socket connections at local=0.0.0.0:3128 remote=[::] FD 29 flags=9
2020/12/21 14:22:19| Accepting SSL bumped HTTP Socket connections at local=0.0.0.0:3129 remote=[::] FD 30 flags=9
2020/12/21 14:22:26| Starting new redirector helpers...
2020/12/21 14:22:26| helperOpenServers: Starting 1/3 'python3' processes
2020/12/21 14:22:27| assertion failed: store_swapout.cc:280: "mem->swapout.sio == self"
2020/12/21 14:27:39| Created PID file (/var/run/squid.pid)
2020/12/21 14:27:39| Set Current Directory to /var/spool/squid
2020/12/21 14:27:39| Creating missing swap directories
2020/12/21 14:27:39| No cache_dir stores are configured.
2020/12/21 14:27:39| Removing PID file (/var/run/squid.pid)
2020/12/21 14:27:39| Created PID file (/var/run/squid.pid)
2020/12/21 14:27:39| Set Current Directory to /var/spool/squid
2020/12/21 14:27:39| Starting Squid Cache version 4.13 for x86_64-alpine-linux-musl...
2020/12/21 14:27:39| Service Name: squid
2020/12/21 14:27:39| Process ID 1
2020/12/21 14:27:39| Process Roles: master worker
2020/12/21 14:27:39| With 1048576 file descriptors available
2020/12/21 14:27:39| Initializing IP Cache...
2020/12/21 14:27:39| DNS Socket created at 0.0.0.0, FD 3
2020/12/21 14:27:39| Adding nameserver 192.168.65.1 from /etc/resolv.conf
2020/12/21 14:27:39| helperOpenServers: Starting 5/32 'security_file_certgen' processes
2020/12/21 14:27:39| helperOpenServers: Starting 0/3 'python3' processes
2020/12/21 14:27:39| helperOpenServers: No 'python3' processes needed.
2020/12/21 14:27:39| Logfile: opening log daemon:/var/log/squid/access.log
2020/12/21 14:27:39| Logfile Daemon: opening log /var/log/squid/access.log
2020/12/21 14:27:39| Local cache digest enabled; rebuild/rewrite every 3600/3600 sec
2020/12/21 14:27:39| Store logging disabled
2020/12/21 14:27:39| Swap maxSize 0 + 262144 KB, estimated 20164 objects
2020/12/21 14:27:39| Target number of buckets: 1008
2020/12/21 14:27:39| Using 8192 Store buckets
2020/12/21 14:27:39| Max Mem  size: 262144 KB
2020/12/21 14:27:39| Max Swap size: 0 KB
2020/12/21 14:27:39| Using Least Load store dir selection
2020/12/21 14:27:39| Set Current Directory to /var/spool/squid
2020/12/21 14:27:40| Finished loading MIME types and icons.
2020/12/21 14:27:40| HTCP Disabled.
2020/12/21 14:27:40| Squid plugin modules loaded: 0
2020/12/21 14:27:40| Adaptation support is off.
2020/12/21 14:27:40| Accepting HTTP Socket connections at local=0.0.0.0:3127 remote=[::] FD 23 flags=9
2020/12/21 14:27:40| Accepting NAT intercepted HTTP Socket connections at local=0.0.0.0:3128 remote=[::] FD 24 flags=41
2020/12/21 14:27:40| Accepting NAT intercepted SSL bumped HTTP Socket connections at local=0.0.0.0:3129 remote=[::] FD 25 flags=41
2020/12/21 14:27:40| Accepting reverse-proxy HTTP Socket connections at local=0.0.0.0:80 remote=[::] FD 26 flags=9
2020/12/21 14:27:40| Accepting reverse-proxy HTTP Socket connections at local=0.0.0.0:443 remote=[::] FD 27 flags=9
2020/12/21 14:27:40| storeLateRelease: released 0 objects
2020/12/21 14:28:03| Reconfiguring Squid Cache (version 4.13)...
2020/12/21 14:28:03| Closing HTTP(S) port 0.0.0.0:3127
2020/12/21 14:28:03| Closing HTTP(S) port 0.0.0.0:3128
2020/12/21 14:28:03| Closing HTTP(S) port 0.0.0.0:3129
2020/12/21 14:28:03| Closing HTTP(S) port 0.0.0.0:80
2020/12/21 14:28:03| Closing HTTP(S) port 0.0.0.0:443
2020/12/21 14:28:03| Logfile: closing log daemon:/var/log/squid/access.log
2020/12/21 14:28:03| Logfile Daemon: closing log daemon:/var/log/squid/access.log
2020/12/21 14:28:03| Startup: Initializing Authentication Schemes ...
2020/12/21 14:28:03| Startup: Initialized Authentication Scheme 'basic'
2020/12/21 14:28:03| Startup: Initialized Authentication Scheme 'digest'
2020/12/21 14:28:03| Startup: Initialized Authentication Scheme 'negotiate'
2020/12/21 14:28:03| Startup: Initialized Authentication Scheme 'ntlm'
2020/12/21 14:28:03| Startup: Initialized Authentication.
2020/12/21 14:28:03| aclIpParseIpData: IPv6 has not been enabled.
2020/12/21 14:28:03| aclIpParseIpData: IPv6 has not been enabled.
2020/12/21 14:28:03| Processing Configuration File: /etc/squid/squid.conf (depth 0)
2020/12/21 14:28:03| Cache dir '/var/spool/squid' size changed to 100 MB
2020/12/21 14:28:03| WARNING: The "Hs" formatting code is deprecated. Use the ">Hs" instead.
2020/12/21 14:28:03| Initializing https:// proxy context
2020/12/21 14:28:03| Initializing http_port 0.0.0.0:3129 TLS contexts
2020/12/21 14:28:03| Using certificate in /etc/squid/cert.pem
2020/12/21 14:28:03| Using key in /etc/squid/key.pem
2020/12/21 14:28:03| Logfile: opening log daemon:/var/log/squid/access.log
2020/12/21 14:28:03| Logfile Daemon: opening log /var/log/squid/access.log
2020/12/21 14:28:03| Squid plugin modules loaded: 0
2020/12/21 14:28:03| Adaptation support is off.
2020/12/21 14:28:03| Store logging disabled
2020/12/21 14:28:03| DNS Socket created at 0.0.0.0, FD 14
2020/12/21 14:28:03| Adding nameserver 192.168.65.1 from /etc/resolv.conf
2020/12/21 14:28:03| helperOpenServers: Starting 5/32 'security_file_certgen' processes
2020/12/21 14:28:03| helperOpenServers: Starting 0/3 'python3' processes
2020/12/21 14:28:03| helperOpenServers: No 'python3' processes needed.
2020/12/21 14:28:03| HTCP Disabled.
2020/12/21 14:28:03| Finished loading MIME types and icons.
2020/12/21 14:28:03| Unlinkd pipe opened on FD 36
2020/12/21 14:28:03| Accepting HTTP Socket connections at local=0.0.0.0:3128 remote=[::] FD 28 flags=9
2020/12/21 14:28:03| Accepting SSL bumped HTTP Socket connections at local=0.0.0.0:3129 remote=[::] FD 29 flags=9
2020/12/21 14:28:03| Accepting reverse-proxy HTTP Socket connections at local=0.0.0.0:80 remote=[::] FD 30 flags=9
2020/12/21 14:28:03| Accepting reverse-proxy HTTP Socket connections at local=0.0.0.0:443 remote=[::] FD 31 flags=9
2020/12/21 14:28:08| Starting new redirector helpers...
2020/12/21 14:28:08| helperOpenServers: Starting 1/3 'python3' processes
2020/12/21 14:28:08| assertion failed: store_swapout.cc:280: "mem->swapout.sio == self"
2020/12/21 14:35:54| Created PID file (/var/run/squid.pid)
2020/12/21 14:35:54| Set Current Directory to /var/spool/squid
2020/12/21 14:35:54| Creating missing swap directories
2020/12/21 14:35:54| No cache_dir stores are configured.
2020/12/21 14:35:54| Removing PID file (/var/run/squid.pid)
2020/12/21 14:35:54| Created PID file (/var/run/squid.pid)
2020/12/21 14:35:54| Set Current Directory to /var/spool/squid
2020/12/21 14:35:54| Starting Squid Cache version 4.13 for x86_64-alpine-linux-musl...
2020/12/21 14:35:54| Service Name: squid
2020/12/21 14:35:54| Process ID 1
2020/12/21 14:35:54| Process Roles: master worker
2020/12/21 14:35:54| With 1048576 file descriptors available
2020/12/21 14:35:55| Initializing IP Cache...
2020/12/21 14:35:55| DNS Socket created at 0.0.0.0, FD 3
2020/12/21 14:35:55| Adding nameserver 192.168.65.1 from /etc/resolv.conf
2020/12/21 14:35:55| helperOpenServers: Starting 5/32 'security_file_certgen' processes
2020/12/21 14:35:55| helperOpenServers: Starting 0/3 'python3' processes
2020/12/21 14:35:55| helperOpenServers: No 'python3' processes needed.
2020/12/21 14:35:55| Logfile: opening log daemon:/var/log/squid/access.log
2020/12/21 14:35:55| Logfile Daemon: opening log /var/log/squid/access.log
2020/12/21 14:35:55| Local cache digest enabled; rebuild/rewrite every 3600/3600 sec
2020/12/21 14:35:55| Store logging disabled
2020/12/21 14:35:55| Swap maxSize 0 + 262144 KB, estimated 20164 objects
2020/12/21 14:35:55| Target number of buckets: 1008
2020/12/21 14:35:55| Using 8192 Store buckets
2020/12/21 14:35:55| Max Mem  size: 262144 KB
2020/12/21 14:35:55| Max Swap size: 0 KB
2020/12/21 14:35:55| Using Least Load store dir selection
2020/12/21 14:35:55| Set Current Directory to /var/spool/squid
2020/12/21 14:35:55| Finished loading MIME types and icons.
2020/12/21 14:35:55| HTCP Disabled.
2020/12/21 14:35:55| Squid plugin modules loaded: 0
2020/12/21 14:35:55| Adaptation support is off.
2020/12/21 14:35:55| Accepting HTTP Socket connections at local=0.0.0.0:3127 remote=[::] FD 23 flags=9
2020/12/21 14:35:55| Accepting NAT intercepted HTTP Socket connections at local=0.0.0.0:3128 remote=[::] FD 24 flags=41
2020/12/21 14:35:55| Accepting NAT intercepted SSL bumped HTTP Socket connections at local=0.0.0.0:3129 remote=[::] FD 25 flags=41
2020/12/21 14:35:55| Accepting reverse-proxy HTTP Socket connections at local=0.0.0.0:80 remote=[::] FD 26 flags=9
2020/12/21 14:35:55| Accepting reverse-proxy HTTP Socket connections at local=0.0.0.0:443 remote=[::] FD 27 flags=9
2020/12/21 14:35:56| storeLateRelease: released 0 objects
2020/12/21 14:36:45| Reconfiguring Squid Cache (version 4.13)...
2020/12/21 14:36:45| Closing HTTP(S) port 0.0.0.0:3127
2020/12/21 14:36:45| Closing HTTP(S) port 0.0.0.0:3128
2020/12/21 14:36:45| Closing HTTP(S) port 0.0.0.0:3129
2020/12/21 14:36:45| Closing HTTP(S) port 0.0.0.0:80
2020/12/21 14:36:45| Closing HTTP(S) port 0.0.0.0:443
2020/12/21 14:36:45| Logfile: closing log daemon:/var/log/squid/access.log
2020/12/21 14:36:45| Logfile Daemon: closing log daemon:/var/log/squid/access.log
2020/12/21 14:36:45| Startup: Initializing Authentication Schemes ...
2020/12/21 14:36:45| Startup: Initialized Authentication Scheme 'basic'
2020/12/21 14:36:45| Startup: Initialized Authentication Scheme 'digest'
2020/12/21 14:36:45| Startup: Initialized Authentication Scheme 'negotiate'
2020/12/21 14:36:45| Startup: Initialized Authentication Scheme 'ntlm'
2020/12/21 14:36:45| Startup: Initialized Authentication.
2020/12/21 14:36:45| aclIpParseIpData: IPv6 has not been enabled.
2020/12/21 14:36:45| aclIpParseIpData: IPv6 has not been enabled.
2020/12/21 14:36:45| Processing Configuration File: /etc/squid/squid.conf (depth 0)
2020/12/21 14:36:45| Cache dir '/var/spool/squid' size changed to 100 MB
2020/12/21 14:36:45| WARNING: The "Hs" formatting code is deprecated. Use the ">Hs" instead.
2020/12/21 14:36:45| Initializing https:// proxy context
2020/12/21 14:36:45| Initializing http_port 0.0.0.0:3129 TLS contexts
2020/12/21 14:36:45| Using certificate in /etc/squid/cert.pem
2020/12/21 14:36:45| Using key in /etc/squid/key.pem
2020/12/21 14:36:45| Logfile: opening log daemon:/var/log/squid/access.log
2020/12/21 14:36:45| Logfile Daemon: opening log /var/log/squid/access.log
2020/12/21 14:36:45| Squid plugin modules loaded: 0
2020/12/21 14:36:45| Adaptation support is off.
2020/12/21 14:36:45| Store logging disabled
2020/12/21 14:36:45| DNS Socket created at 0.0.0.0, FD 14
2020/12/21 14:36:45| Adding nameserver 192.168.65.1 from /etc/resolv.conf
2020/12/21 14:36:45| helperOpenServers: Starting 5/32 'security_file_certgen' processes
2020/12/21 14:36:45| helperOpenServers: Starting 0/3 'python3' processes
2020/12/21 14:36:45| helperOpenServers: No 'python3' processes needed.
2020/12/21 14:36:45| HTCP Disabled.
2020/12/21 14:36:45| Finished loading MIME types and icons.
2020/12/21 14:36:46| Unlinkd pipe opened on FD 36
2020/12/21 14:36:46| Accepting HTTP Socket connections at local=0.0.0.0:3128 remote=[::] FD 28 flags=9
2020/12/21 14:36:46| Accepting SSL bumped HTTP Socket connections at local=0.0.0.0:3129 remote=[::] FD 29 flags=9
2020/12/21 14:36:46| Accepting reverse-proxy HTTP Socket connections at local=0.0.0.0:80 remote=[::] FD 30 flags=9
2020/12/21 14:36:46| Accepting reverse-proxy HTTP Socket connections at local=0.0.0.0:443 remote=[::] FD 31 flags=9
2020/12/21 14:37:21| Starting new redirector helpers...
2020/12/21 14:37:21| helperOpenServers: Starting 1/3 'python3' processes
2020/12/21 14:37:22| assertion failed: store_swapout.cc:280: "mem->swapout.sio == self"
2020/12/21 14:39:36| Created PID file (/var/run/squid.pid)
2020/12/21 14:39:36| Set Current Directory to /var/spool/squid
2020/12/21 14:39:36| Creating missing swap directories
2020/12/21 14:39:36| No cache_dir stores are configured.
2020/12/21 14:39:36| Removing PID file (/var/run/squid.pid)
2020/12/21 14:39:36| Created PID file (/var/run/squid.pid)
2020/12/21 14:39:36| Set Current Directory to /var/spool/squid
2020/12/21 14:39:36| Starting Squid Cache version 4.13 for x86_64-alpine-linux-musl...
2020/12/21 14:39:36| Service Name: squid
2020/12/21 14:39:36| Process ID 1
2020/12/21 14:39:36| Process Roles: master worker
2020/12/21 14:39:36| With 1048576 file descriptors available
2020/12/21 14:39:36| Initializing IP Cache...
2020/12/21 14:39:36| DNS Socket created at 0.0.0.0, FD 3
2020/12/21 14:39:36| Adding nameserver 192.168.65.1 from /etc/resolv.conf
2020/12/21 14:39:36| helperOpenServers: Starting 5/32 'security_file_certgen' processes
2020/12/21 14:39:36| helperOpenServers: Starting 0/3 'python3' processes
2020/12/21 14:39:36| helperOpenServers: No 'python3' processes needed.
2020/12/21 14:39:36| Logfile: opening log daemon:/var/log/squid/access.log
2020/12/21 14:39:36| Logfile Daemon: opening log /var/log/squid/access.log
2020/12/21 14:39:36| Local cache digest enabled; rebuild/rewrite every 3600/3600 sec
2020/12/21 14:39:36| Store logging disabled
2020/12/21 14:39:36| Swap maxSize 0 + 262144 KB, estimated 20164 objects
2020/12/21 14:39:36| Target number of buckets: 1008
2020/12/21 14:39:36| Using 8192 Store buckets
2020/12/21 14:39:36| Max Mem  size: 262144 KB
2020/12/21 14:39:36| Max Swap size: 0 KB
2020/12/21 14:39:36| Using Least Load store dir selection
2020/12/21 14:39:36| Set Current Directory to /var/spool/squid
2020/12/21 14:39:36| Finished loading MIME types and icons.
2020/12/21 14:39:36| HTCP Disabled.
2020/12/21 14:39:36| Squid plugin modules loaded: 0
2020/12/21 14:39:36| Adaptation support is off.
2020/12/21 14:39:36| Accepting HTTP Socket connections at local=0.0.0.0:3127 remote=[::] FD 23 flags=9
2020/12/21 14:39:36| Accepting NAT intercepted HTTP Socket connections at local=0.0.0.0:3128 remote=[::] FD 24 flags=41
2020/12/21 14:39:36| Accepting NAT intercepted SSL bumped HTTP Socket connections at local=0.0.0.0:3129 remote=[::] FD 25 flags=41
2020/12/21 14:39:36| Accepting reverse-proxy HTTP Socket connections at local=0.0.0.0:80 remote=[::] FD 26 flags=9
2020/12/21 14:39:36| Accepting reverse-proxy HTTP Socket connections at local=0.0.0.0:443 remote=[::] FD 27 flags=9
2020/12/21 14:39:37| storeLateRelease: released 0 objects
2020/12/21 14:42:20| Set Current Directory to /var/spool/squid
2020/12/21 14:42:30| Set Current Directory to /var/spool/squid
2020/12/21 14:43:22| Set Current Directory to /var/spool/squid
2020/12/21 14:43:37| Created PID file (/var/run/squid.pid)
2020/12/21 14:43:37| Set Current Directory to /var/spool/squid
2020/12/21 14:43:37| Creating missing swap directories
2020/12/21 14:43:37| /var/spool/squid exists
2020/12/21 14:43:37| Making directories in /var/spool/squid/00
2020/12/21 14:43:39| Making directories in /var/spool/squid/01
2020/12/21 14:43:41| Making directories in /var/spool/squid/02
2020/12/21 14:43:43| Making directories in /var/spool/squid/03
2020/12/21 14:43:45| Making directories in /var/spool/squid/04
2020/12/21 14:43:47| Making directories in /var/spool/squid/05
2020/12/21 14:43:49| Making directories in /var/spool/squid/06
2020/12/21 14:43:51| Making directories in /var/spool/squid/07
2020/12/21 14:43:53| Making directories in /var/spool/squid/08
2020/12/21 14:43:55| Making directories in /var/spool/squid/09
2020/12/21 14:43:57| Making directories in /var/spool/squid/0A
2020/12/21 14:44:00| Making directories in /var/spool/squid/0B
2020/12/21 14:44:02| Making directories in /var/spool/squid/0C
2020/12/21 14:44:04| Making directories in /var/spool/squid/0D
2020/12/21 14:44:06| Making directories in /var/spool/squid/0E
2020/12/21 14:44:08| Making directories in /var/spool/squid/0F
2020/12/21 14:44:10| Removing PID file (/var/run/squid.pid)
2020/12/21 14:44:38| Created PID file (/var/run/squid.pid)
2020/12/21 14:44:40| Set Current Directory to /var/spool/squid
2020/12/21 14:44:40| Starting Squid Cache version 4.13 for x86_64-alpine-linux-musl...
2020/12/21 14:44:40| Service Name: squid
2020/12/21 14:44:40| Process ID 41
2020/12/21 14:44:40| Process Roles: master worker
2020/12/21 14:44:40| With 1048576 file descriptors available
2020/12/21 14:44:40| Initializing IP Cache...
2020/12/21 14:44:40| DNS Socket created at 0.0.0.0, FD 3
2020/12/21 14:44:40| Adding nameserver 192.168.65.1 from /etc/resolv.conf
2020/12/21 14:44:40| helperOpenServers: Starting 5/32 'security_file_certgen' processes
2020/12/21 14:44:40| helperOpenServers: Starting 0/3 'python3' processes
2020/12/21 14:44:40| helperOpenServers: No 'python3' processes needed.
2020/12/21 14:44:40| Logfile: opening log daemon:/var/log/squid/access.log
2020/12/21 14:44:40| Logfile Daemon: opening log /var/log/squid/access.log
2020/12/21 14:44:40| Unlinkd pipe opened on FD 26
2020/12/21 14:44:40| Local cache digest enabled; rebuild/rewrite every 3600/3600 sec
2020/12/21 14:44:40| Store logging disabled
2020/12/21 14:44:40| Swap maxSize 102400 + 262144 KB, estimated 28041 objects
2020/12/21 14:44:40| Target number of buckets: 1402
2020/12/21 14:44:40| Using 8192 Store buckets
2020/12/21 14:44:40| Max Mem  size: 262144 KB
2020/12/21 14:44:40| Max Swap size: 102400 KB
2020/12/21 14:44:41| Rebuilding storage in /var/spool/squid (clean log)
2020/12/21 14:44:41| Using Least Load store dir selection
2020/12/21 14:44:41| Set Current Directory to /var/spool/squid
2020/12/21 14:44:41| Finished loading MIME types and icons.
2020/12/21 14:44:41| commBind Cannot bind socket FD 29 to 0.0.0.0:3128: (98) Address in use
2020/12/21 14:44:41| commBind Cannot bind socket FD 30 to 0.0.0.0:3129: (98) Address in use
2020/12/21 14:44:41| commBind Cannot bind socket FD 31 to 0.0.0.0:80: (98) Address in use
2020/12/21 14:44:41| commBind Cannot bind socket FD 32 to 0.0.0.0:443: (98) Address in use
2020/12/21 14:44:41| HTCP Disabled.
2020/12/21 14:44:41| Squid plugin modules loaded: 0
2020/12/21 14:44:41| Adaptation support is off.
2020/12/21 14:44:41| Closing HTTP(S) port 0.0.0.0:3128
2020/12/21 14:44:41| Closing HTTP(S) port 0.0.0.0:3129
2020/12/21 14:44:41| Closing HTTP(S) port 0.0.0.0:80
2020/12/21 14:44:41| Closing HTTP(S) port 0.0.0.0:443
2020/12/21 14:44:41| Not currently OK to rewrite swap log.
2020/12/21 14:44:41| storeDirWriteCleanLogs: Operation aborted.
2020/12/21 14:44:41| FATAL: Unable to open HTTP Socket
2020/12/21 14:44:41| Squid Cache (Version 4.13): Terminated abnormally.
CPU Usage: 1.619 seconds = 0.312 user + 1.307 sys
Maximum Resident Size: 661312 KB
Page faults with physical i/o: 0
2020/12/21 14:44:41| Removing PID file (/var/run/squid.pid)
2020/12/21 14:44:53| Reconfiguring Squid Cache (version 4.13)...
2020/12/21 14:44:53| Closing HTTP(S) port 0.0.0.0:3127
2020/12/21 14:44:53| Closing HTTP(S) port 0.0.0.0:3128
2020/12/21 14:44:53| Closing HTTP(S) port 0.0.0.0:3129
2020/12/21 14:44:53| Closing HTTP(S) port 0.0.0.0:80
2020/12/21 14:44:53| Closing HTTP(S) port 0.0.0.0:443
2020/12/21 14:44:53| Logfile: closing log daemon:/var/log/squid/access.log
2020/12/21 14:44:53| Logfile Daemon: closing log daemon:/var/log/squid/access.log
2020/12/21 14:44:53| Startup: Initializing Authentication Schemes ...
2020/12/21 14:44:53| Startup: Initialized Authentication Scheme 'basic'
2020/12/21 14:44:53| Startup: Initialized Authentication Scheme 'digest'
2020/12/21 14:44:53| Startup: Initialized Authentication Scheme 'negotiate'
2020/12/21 14:44:53| Startup: Initialized Authentication Scheme 'ntlm'
2020/12/21 14:44:53| Startup: Initialized Authentication.
2020/12/21 14:44:53| aclIpParseIpData: IPv6 has not been enabled.
2020/12/21 14:44:53| aclIpParseIpData: IPv6 has not been enabled.
2020/12/21 14:44:53| Processing Configuration File: /etc/squid/squid.conf (depth 0)
2020/12/21 14:44:53| Cache dir '/var/spool/squid' size changed to 100 MB
2020/12/21 14:44:53| WARNING: The "Hs" formatting code is deprecated. Use the ">Hs" instead.
2020/12/21 14:44:53| Initializing https:// proxy context
2020/12/21 14:44:54| Initializing http_port 0.0.0.0:3129 TLS contexts
2020/12/21 14:44:54| Using certificate in /etc/squid/cert.pem
2020/12/21 14:44:54| Using key in /etc/squid/key.pem
2020/12/21 14:44:54| Logfile: opening log daemon:/var/log/squid/access.log
2020/12/21 14:44:54| Logfile Daemon: opening log /var/log/squid/access.log
2020/12/21 14:44:54| Squid plugin modules loaded: 0
2020/12/21 14:44:54| Adaptation support is off.
2020/12/21 14:44:54| Store logging disabled
2020/12/21 14:44:54| DNS Socket created at 0.0.0.0, FD 14
2020/12/21 14:44:54| Adding nameserver 192.168.65.1 from /etc/resolv.conf
2020/12/21 14:44:54| helperOpenServers: Starting 5/32 'security_file_certgen' processes
2020/12/21 14:44:54| helperOpenServers: Starting 0/3 'python3' processes
2020/12/21 14:44:54| helperOpenServers: No 'python3' processes needed.
2020/12/21 14:44:54| HTCP Disabled.
2020/12/21 14:44:54| Finished loading MIME types and icons.
2020/12/21 14:44:54| Unlinkd pipe opened on FD 36
2020/12/21 14:44:54| Accepting HTTP Socket connections at local=0.0.0.0:3128 remote=[::] FD 28 flags=9
2020/12/21 14:44:54| Accepting SSL bumped HTTP Socket connections at local=0.0.0.0:3129 remote=[::] FD 29 flags=9
2020/12/21 14:44:54| Accepting reverse-proxy HTTP Socket connections at local=0.0.0.0:80 remote=[::] FD 30 flags=9
2020/12/21 14:44:54| Accepting reverse-proxy HTTP Socket connections at local=0.0.0.0:443 remote=[::] FD 31 flags=9
2020/12/21 14:44:58| Starting new redirector helpers...
2020/12/21 14:44:58| helperOpenServers: Starting 1/3 'python3' processes
2020/12/21 14:52:32| Reconfiguring Squid Cache (version 4.13)...
2020/12/21 14:52:32| Closing HTTP(S) port 0.0.0.0:3128
2020/12/21 14:52:32| Closing HTTP(S) port 0.0.0.0:3129
2020/12/21 14:52:32| Closing HTTP(S) port 0.0.0.0:80
2020/12/21 14:52:32| Closing HTTP(S) port 0.0.0.0:443
2020/12/21 14:52:32| Logfile: closing log daemon:/var/log/squid/access.log
2020/12/21 14:52:32| Logfile Daemon: closing log daemon:/var/log/squid/access.log
2020/12/21 14:52:32| Startup: Initializing Authentication Schemes ...
2020/12/21 14:52:32| Startup: Initialized Authentication Scheme 'basic'
2020/12/21 14:52:32| Startup: Initialized Authentication Scheme 'digest'
2020/12/21 14:52:32| Startup: Initialized Authentication Scheme 'negotiate'
2020/12/21 14:52:32| Startup: Initialized Authentication Scheme 'ntlm'
2020/12/21 14:52:32| Startup: Initialized Authentication.
2020/12/21 14:52:32| aclIpParseIpData: IPv6 has not been enabled.
2020/12/21 14:52:32| aclIpParseIpData: IPv6 has not been enabled.
2020/12/21 14:52:32| Processing Configuration File: /etc/squid/squid.conf (depth 0)
2020/12/21 14:52:32| WARNING: The "Hs" formatting code is deprecated. Use the ">Hs" instead.
2020/12/21 14:52:32| Initializing https:// proxy context
2020/12/21 14:52:32| Initializing http_port 0.0.0.0:3129 TLS contexts
2020/12/21 14:52:32| Using certificate in /etc/squid/cert.pem
2020/12/21 14:52:32| Using key in /etc/squid/key.pem
2020/12/21 14:52:32| Logfile: opening log daemon:/var/log/squid/access.log
2020/12/21 14:52:32| Logfile Daemon: opening log /var/log/squid/access.log
2020/12/21 14:52:32| Squid plugin modules loaded: 0
2020/12/21 14:52:32| Adaptation support is off.
2020/12/21 14:52:32| Store logging disabled
2020/12/21 14:52:32| DNS Socket created at 0.0.0.0, FD 14
2020/12/21 14:52:32| Adding nameserver 192.168.65.1 from /etc/resolv.conf
2020/12/21 14:52:32| helperOpenServers: Starting 5/32 'security_file_certgen' processes
2020/12/21 14:52:32| helperOpenServers: Starting 0/3 'python3' processes
2020/12/21 14:52:32| helperOpenServers: No 'python3' processes needed.
2020/12/21 14:52:32| HTCP Disabled.
2020/12/21 14:52:32| Finished loading MIME types and icons.
2020/12/21 14:52:32| Accepting HTTP Socket connections at local=0.0.0.0:3128 remote=[::] FD 30 flags=9
2020/12/21 14:52:32| Accepting SSL bumped HTTP Socket connections at local=0.0.0.0:3129 remote=[::] FD 31 flags=9
2020/12/21 14:52:32| Accepting reverse-proxy HTTP Socket connections at local=0.0.0.0:80 remote=[::] FD 32 flags=9
2020/12/21 14:52:32| Accepting reverse-proxy HTTP Socket connections at local=0.0.0.0:443 remote=[::] FD 34 flags=9
2020/12/21 14:52:38| Starting new redirector helpers...
2020/12/21 14:52:38| helperOpenServers: Starting 1/3 'python3' processes
2020/12/21 14:58:41| Preparing for shutdown after 15 requests
2020/12/21 14:58:41| Waiting 0 seconds for active connections to finish
2020/12/21 14:58:41| Closing HTTP(S) port 0.0.0.0:3128
2020/12/21 14:58:41| Closing HTTP(S) port 0.0.0.0:3129
2020/12/21 14:58:41| Closing HTTP(S) port 0.0.0.0:80
2020/12/21 14:58:41| Closing HTTP(S) port 0.0.0.0:443
2020/12/21 14:58:42| Shutdown: NTLM authentication.
2020/12/21 14:58:42| Shutdown: Negotiate authentication.
2020/12/21 14:58:42| Shutdown: Digest authentication.
2020/12/21 14:58:42| Shutdown: Basic authentication.
2020/12/21 14:58:43| Shutting down...
2020/12/21 14:58:43| Closing unlinkd pipe on FD 36
2020/12/21 14:58:43| storeDirWriteCleanLogs: Starting...
2020/12/21 14:58:43|   Finished.  Wrote 5 entries.
2020/12/21 14:58:43|   Took 0.01 seconds (432.23 entries/sec).
CPU Usage: 1.188 seconds = 0.621 user + 0.567 sys
Maximum Resident Size: 665984 KB
Page faults with physical i/o: 0
2020/12/21 14:58:43| Logfile: closing log daemon:/var/log/squid/access.log
2020/12/21 14:58:43| Logfile Daemon: closing log daemon:/var/log/squid/access.log
2020/12/21 14:58:43| Open FD UNSTARTED     0 stdin
2020/12/21 14:58:43| Open FD UNSTARTED     1 stdout
2020/12/21 14:58:43| Open FD UNSTARTED     2 stderr
2020/12/21 14:58:43| Open FD UNSTARTED     3 IPC UNIX STREAM Parent
2020/12/21 14:58:43| Open FD READ/WRITE   12 python3 #1
2020/12/21 14:58:43| Open FD UNSTARTED    15 security_file_certgen #1
2020/12/21 14:58:43| Open FD UNSTARTED    18 security_file_certgen #2
2020/12/21 14:58:43| Open FD UNSTARTED    21 security_file_certgen #3
2020/12/21 14:58:43| Open FD UNSTARTED    25 security_file_certgen #4
2020/12/21 14:58:43| Open FD UNSTARTED    28 security_file_certgen #5
2020/12/21 14:58:43| Squid Cache (Version 4.13): Exiting normally.
2020/12/21 14:58:43| Removing PID file (/var/run/squid.pid)
2020/12/21 14:58:43| safeunlink: Couldn't delete /var/run/squid.pid: (2) No such file or directory
